<?xml version="1.0" encoding="UTF-8"?>
<!-- Generated by org.testng.reporters.JUnitReportReporter -->
<testsuite hostname="ChauThai" failures="0" tests="1" name="gorest.GorestEnd2EndScenario" time="0.281" errors="0" timestamp="2022-10-31T22:09:13 EDT" skipped="0">
  <testcase classname="gorest.GorestEnd2EndScenario" name="end2End" time="0.281"/>
  <system-out/>
</testsuite> <!-- gorest.GorestEnd2EndScenario -->
